<?xml version="1.0" encoding="UTF-8"?>
<!-- Generated by org.testng.reporters.JUnitXMLReporter -->
<testsuite ignored="0" hostname="DESKTOP-TNMV2Q3" failures="0" tests="3" name="HomePage Test" time="13.224" errors="0" timestamp="2024-11-08T16:09:29 IST">
  <testcase classname="com.staragile.HomePageTest" name="VerifyURL" time="0.047"/>
  <testcase classname="com.staragile.HomePageTest" name="VerifyTitle" time="0.027"/>
  <testcase classname="com.staragile.HomePageTest" name="ValidateSignInLink" time="5.707"/>
</testsuite> <!-- HomePage Test -->
